  Geometry.cpp
C:\Users\yongw\OneDrive\デスクトップ\SPHSimulation\SPHSimulation\RayTracing\Geometry.cpp(8,55): warning C4244: '引数': 'float' から 'int' への変換です。データが失われる可能性があります。
C:\Users\yongw\OneDrive\デスクトップ\SPHSimulation\SPHSimulation\RayTracing\Geometry.cpp(8,43): warning C4244: '引数': 'float' から 'int' への変換です。データが失われる可能性があります。
C:\Users\yongw\OneDrive\デスクトップ\SPHSimulation\SPHSimulation\RayTracing\Geometry.cpp(8,32): warning C4244: '引数': 'float' から 'int' への変換です。データが失われる可能性があります。
C:\Users\yongw\OneDrive\デスクトップ\SPHSimulation\SPHSimulation\RayTracing\Geometry.cpp(8,23): warning C4244: '引数': 'float' から 'int' への変換です。データが失われる可能性があります。
C:\Users\yongw\OneDrive\デスクトップ\SPHSimulation\SPHSimulation\RayTracing\Geometry.cpp(13,99): warning C4244: '引数': 'float' から 'int' への変換です。データが失われる可能性があります。
C:\Users\yongw\OneDrive\デスクトップ\SPHSimulation\SPHSimulation\RayTracing\Geometry.cpp(13,76): warning C4244: '引数': 'float' から 'int' への変換です。データが失われる可能性があります。
C:\Users\yongw\OneDrive\デスクトップ\SPHSimulation\SPHSimulation\RayTracing\Geometry.cpp(13,54): warning C4244: '引数': 'float' から 'int' への変換です。データが失われる可能性があります。
C:\Users\yongw\OneDrive\デスクトップ\SPHSimulation\SPHSimulation\RayTracing\Geometry.cpp(13,34): warning C4244: '引数': 'float' から 'int' への変換です。データが失われる可能性があります。
  main.cpp
C:\Users\yongw\OneDrive\デスクトップ\SPHSimulation\SPHSimulation\RayTracing\main.cpp(180,27): warning C4244: 'return': 'double' から 'float' への変換です。データが失われる可能性があります。
C:\Users\yongw\OneDrive\デスクトップ\SPHSimulation\SPHSimulation\RayTracing\main.cpp(185,31): warning C4244: 'return': 'double' から 'float' への変換です。データが失われる可能性があります。
C:\Users\yongw\OneDrive\デスクトップ\SPHSimulation\SPHSimulation\RayTracing\main.cpp(255,47): warning C4244: '引数': 'float' から 'int' への変換です。データが失われる可能性があります。
C:\Users\yongw\OneDrive\デスクトップ\SPHSimulation\SPHSimulation\RayTracing\main.cpp(265,19): warning C4244: '初期化中': 'double' から 'const float' への変換です。データが失われる可能性があります。
C:\Users\yongw\OneDrive\デスクトップ\SPHSimulation\SPHSimulation\RayTracing\main.cpp(266,23): warning C4244: '初期化中': 'double' から 'const float' への変換です。データが失われる可能性があります。
C:\Users\yongw\OneDrive\デスクトップ\SPHSimulation\SPHSimulation\RayTracing\main.cpp(267,26): warning C4244: '初期化中': 'double' から 'const float' への変換です。データが失われる可能性があります。
C:\Users\yongw\OneDrive\デスクトップ\SPHSimulation\SPHSimulation\RayTracing\main.cpp(313,43): warning C4267: '引数': 'size_t' から 'int' に変換しました。データが失われているかもしれません。
C:\Users\yongw\OneDrive\デスクトップ\SPHSimulation\SPHSimulation\RayTracing\main.cpp(321,32): warning C4267: '引数': 'size_t' から 'int' に変換しました。データが失われているかもしれません。
C:\Users\yongw\OneDrive\デスクトップ\SPHSimulation\SPHSimulation\RayTracing\main.cpp(740,28): warning C4244: '初期化中': 'double' から 'float' への変換です。データが失われる可能性があります。
C:\Users\yongw\OneDrive\デスクトップ\SPHSimulation\SPHSimulation\RayTracing\main.cpp(766,32): warning C4267: '初期化中': 'size_t' から 'int' に変換しました。データが失われているかもしれません。
  コードを生成中...
  RayTracing.vcxproj -> C:\Users\yongw\OneDrive\デスクトップ\SPHSimulation\SPHSimulation\x64\Debug\RayTracing.exe
